<?xml version="1.0" encoding="UTF-8"?>
<!-- Generated by org.testng.reporters.JUnitXMLReporter -->
<testsuite ignored="0" hostname="md2qjzqc" failures="0" tests="4" name="Test" time="13.07" errors="0" timestamp="2022-01-30T19:41:36 IST">
  <testcase classname="Academy.validateNavigationBar" name="basePageNavigation" time="0.059"/>
  <testcase classname="Academy.HomePage" name="basePageNavigation" time="2.805"/>
  <testcase classname="Academy.HomePage" name="basePageNavigation" time="1.383"/>
  <testcase classname="Academy.validateTitle" name="basePageNavigation" time="0.032"/>
</testsuite> <!-- Test -->
