-------------------------------------------------------------------------------
Test set: TestSuite
-------------------------------------------------------------------------------
Tests run: 4, Failures: 1, Errors: 0, Skipped: 0, Time elapsed: 7.661 s <<< FAILURE! - in TestSuite
Academy.validateTitle.validateAppTitle  Time elapsed: 0.443 s  <<< FAILURE!
junit.framework.ComparisonFailure: expected:<FEATURED COURSES[]> but was:<FEATURED COURSES[123]>
	at Academy.validateTitle.validateAppTitle(validateTitle.java:38)

